[debug] [2022-01-11T11:17:16.512Z] ----------------------------------------------------------------------
[debug] [2022-01-11T11:17:16.513Z] Command:       /usr/local/bin/node /usr/local/bin/firebase deploy --only hosting
[debug] [2022-01-11T11:17:16.513Z] CLI Version:   10.0.1
[debug] [2022-01-11T11:17:16.514Z] Platform:      darwin
[debug] [2022-01-11T11:17:16.514Z] Node Version:  v16.13.1
[debug] [2022-01-11T11:17:16.515Z] Time:          Tue Jan 11 2022 11:17:16 GMT+0000 (Greenwich Mean Time)
[debug] [2022-01-11T11:17:16.515Z] ----------------------------------------------------------------------
[debug] 
[debug] [2022-01-11T11:17:16.564Z] > command requires scopes: ["email","openid","https://www.googleapis.com/auth/cloudplatformprojects.readonly","https://www.googleapis.com/auth/firebase","https://www.googleapis.com/auth/cloud-platform"]
[debug] [2022-01-11T11:17:16.565Z] > authorizing via signed-in user (katbwlodarczyk@gmail.com)
[debug] [2022-01-11T11:17:16.565Z] [iam] checking project cookbook-53824 for permissions ["firebase.projects.get","firebasehosting.sites.update"]
[debug] [2022-01-11T11:17:16.567Z] >>> HTTP REQUEST POST https://cloudresourcemanager.googleapis.com/v1/projects/cookbook-53824:testIamPermissions  
 {"permissions":["firebase.projects.get","firebasehosting.sites.update"]}
[debug] [2022-01-11T11:17:17.427Z] <<< HTTP RESPONSE 200 {"content-type":"application/json; charset=UTF-8","vary":"X-Origin, Referer, Origin,Accept-Encoding","date":"Tue, 11 Jan 2022 11:17:17 GMT","server":"ESF","cache-control":"private","x-xss-protection":"0","x-frame-options":"SAMEORIGIN","x-content-type-options":"nosniff","server-timing":"gfet4t7; dur=554","alt-svc":"h3=\":443\"; ma=2592000,h3-29=\":443\"; ma=2592000,h3-Q050=\":443\"; ma=2592000,h3-Q046=\":443\"; ma=2592000,h3-Q043=\":443\"; ma=2592000,quic=\":443\"; ma=2592000; v=\"46,43\"","accept-ranges":"none","transfer-encoding":"chunked"}
[debug] [2022-01-11T11:17:17.430Z] > refreshing access token with scopes: []
[debug] [2022-01-11T11:17:17.431Z] >>> HTTP REQUEST POST https://www.googleapis.com/oauth2/v3/token  
 <request body omitted>
[debug] [2022-01-11T11:17:17.605Z] <<< HTTP RESPONSE 200 {"date":"Tue, 11 Jan 2022 11:17:17 GMT","expires":"Mon, 01 Jan 1990 00:00:00 GMT","pragma":"no-cache","cache-control":"no-cache, no-store, max-age=0, must-revalidate","content-type":"application/json; charset=utf-8","vary":"X-Origin, Referer, Origin,Accept-Encoding","server":"scaffolding on HTTPServer2","x-xss-protection":"0","x-frame-options":"SAMEORIGIN","x-content-type-options":"nosniff","alt-svc":"h3=\":443\"; ma=2592000,h3-29=\":443\"; ma=2592000,h3-Q050=\":443\"; ma=2592000,h3-Q046=\":443\"; ma=2592000,h3-Q043=\":443\"; ma=2592000,quic=\":443\"; ma=2592000; v=\"46,43\"","accept-ranges":"none","transfer-encoding":"chunked"}
[debug] [2022-01-11T11:17:17.658Z] >>> [apiv2][query] GET https://firebase.googleapis.com/v1beta1/projects/cookbook-53824 [none]
[debug] [2022-01-11T11:17:17.965Z] <<< [apiv2][status] GET https://firebase.googleapis.com/v1beta1/projects/cookbook-53824 200
[debug] [2022-01-11T11:17:17.965Z] <<< [apiv2][body] GET https://firebase.googleapis.com/v1beta1/projects/cookbook-53824 {"projectId":"cookbook-53824","projectNumber":"363711045601","displayName":"cookbook","name":"projects/cookbook-53824","resources":{"hostingSite":"cookbook-53824","storageBucket":"cookbook-53824.appspot.com","locationId":"europe-west"},"state":"ACTIVE"}
[info] 
[info] === Deploying to 'cookbook-53824'...
[info] 
[info] i  deploying hosting 
[debug] [2022-01-11T11:17:17.969Z] > refreshing access token with scopes: ["email","https://www.googleapis.com/auth/cloud-platform","https://www.googleapis.com/auth/cloudplatformprojects.readonly","https://www.googleapis.com/auth/firebase","openid"]
[debug] [2022-01-11T11:17:17.969Z] >>> HTTP REQUEST POST https://www.googleapis.com/oauth2/v3/token  
 <request body omitted>
[debug] [2022-01-11T11:17:18.114Z] <<< HTTP RESPONSE 200 {"expires":"Mon, 01 Jan 1990 00:00:00 GMT","date":"Tue, 11 Jan 2022 11:17:18 GMT","pragma":"no-cache","cache-control":"no-cache, no-store, max-age=0, must-revalidate","content-type":"application/json; charset=utf-8","vary":"X-Origin, Referer, Origin,Accept-Encoding","server":"scaffolding on HTTPServer2","x-xss-protection":"0","x-frame-options":"SAMEORIGIN","x-content-type-options":"nosniff","alt-svc":"h3=\":443\"; ma=2592000,h3-29=\":443\"; ma=2592000,h3-Q050=\":443\"; ma=2592000,h3-Q046=\":443\"; ma=2592000,h3-Q043=\":443\"; ma=2592000,quic=\":443\"; ma=2592000; v=\"46,43\"","accept-ranges":"none","transfer-encoding":"chunked"}
[debug] [2022-01-11T11:17:18.164Z] >>> HTTP REQUEST POST https://firebasehosting.googleapis.com/v1beta1/sites/cookbook-53824/versions  
 {"config":{"rewrites":[{"glob":"**","path":"/index.html"}]},"labels":{"deployment-tool":"cli-firebase"}}
[debug] [2022-01-11T11:17:19.559Z] <<< HTTP RESPONSE 200 {"content-type":"application/json; charset=UTF-8","vary":"X-Origin, Referer, Origin,Accept-Encoding","date":"Tue, 11 Jan 2022 11:17:19 GMT","server":"ESF","cache-control":"private","x-xss-protection":"0","x-frame-options":"SAMEORIGIN","x-content-type-options":"nosniff","alt-svc":"h3=\":443\"; ma=2592000,h3-29=\":443\"; ma=2592000,h3-Q050=\":443\"; ma=2592000,h3-Q046=\":443\"; ma=2592000,h3-Q043=\":443\"; ma=2592000,quic=\":443\"; ma=2592000; v=\"46,43\"","accept-ranges":"none","transfer-encoding":"chunked"}
[info] i  hosting[cookbook-53824]: beginning deploy... 
[info] i  hosting[cookbook-53824]: found 32 files in build 
[debug] [2022-01-11T11:17:19.999Z] > refreshing access token with scopes: []
[debug] [2022-01-11T11:17:20.000Z] >>> HTTP REQUEST POST https://www.googleapis.com/oauth2/v3/token  
 <request body omitted>
[debug] [2022-01-11T11:17:20.000Z] [hosting] hash cache [YnVpbGQ] stored for 32 files
[debug] [2022-01-11T11:17:20.001Z] [hosting][hash queue][FINAL] {"max":421,"min":16,"avg":51.625,"active":0,"complete":32,"success":32,"errored":0,"retried":0,"total":32,"elapsed":428}
[debug] [2022-01-11T11:17:20.121Z] <<< HTTP RESPONSE 200 {"date":"Tue, 11 Jan 2022 11:17:20 GMT","expires":"Mon, 01 Jan 1990 00:00:00 GMT","pragma":"no-cache","cache-control":"no-cache, no-store, max-age=0, must-revalidate","content-type":"application/json; charset=utf-8","vary":"X-Origin, Referer, Origin,Accept-Encoding","server":"scaffolding on HTTPServer2","x-xss-protection":"0","x-frame-options":"SAMEORIGIN","x-content-type-options":"nosniff","alt-svc":"h3=\":443\"; ma=2592000,h3-29=\":443\"; ma=2592000,h3-Q050=\":443\"; ma=2592000,h3-Q046=\":443\"; ma=2592000,h3-Q043=\":443\"; ma=2592000,quic=\":443\"; ma=2592000; v=\"46,43\"","accept-ranges":"none","transfer-encoding":"chunked"}
[debug] [2022-01-11T11:17:20.171Z] >>> [apiv2][query] POST https://firebasehosting.googleapis.com/v1beta1/sites/cookbook-53824/versions/ae0cd1b65c5f8f1b:populateFiles [none]
[debug] [2022-01-11T11:17:20.171Z] >>> [apiv2][body] POST https://firebasehosting.googleapis.com/v1beta1/sites/cookbook-53824/versions/ae0cd1b65c5f8f1b:populateFiles {"files":{"/asset-manifest.json":"7d233cfe9ebbb006a8c2b69158121bb5f3968349ca541b08c588dba8b09b411d","/404.html":"05cbc6f94d7a69ce2e29646eab13be2c884e61ba93e3094df5028866876d18b3","/android-chrome-512x512.png":"6226226d0f01be48f6431e3c36677e02bb494a7d7f5ec32ed02bd4a380e2e32b","/index.html":"56a92126213b3248e2de123164e195aadc88677bad708085afcb279b61315476","/favicon-16x16.png":"183ba027412f3721110911a0c843c2edbee4a2f09efd08d88e914bab6190d1d7","/apple-touch-icon.png":"0d9b341bf8efea54fc33f57f0453c45aa6a9f7ca499d17e72f4914c882192590","/android-chrome-192x192.png":"b5b9a7d306b6b060c0bb419d883202d67b28171cca6f1566a0d03fc3148e8336","/favicon-32x32.png":"7ae20e431d18e6979d856a2bbf5cfd5e959ce575443466294875b3026b3569fc","/logo192.png":"b5b9a7d306b6b060c0bb419d883202d67b28171cca6f1566a0d03fc3148e8336","/manifest.json":"055632f89f703b0ea0ff12866c61377b323ca8dcc8b40f0204b7da6f67896b71","/robots.txt":"391d14b3c2f8c9143a27a28c7399585142228d4d1bdbe2c87ac946de411fa9a2","/site.webmanifest":"aff7d04f52505423e33dce7f395a57fe4d8039577dfd422a927529f9a5dc457c","/static/js/787.ced0e67d.chunk.js":"6687219c94d7bff4cf64739d41c76310dbd05246dd01412c5edd48c55d79156c","/logo512.png":"6226226d0f01be48f6431e3c36677e02bb494a7d7f5ec32ed02bd4a380e2e32b","/favicon.ico":"cf2f31f2958aa747a3856c606baad80b19a837dca73e61a9deb70ed42ff9d277","/static/js/787.ced0e67d.chunk.js.map":"2620ce5ec468744df3c94f2a6fa914b9c6ab6456a48f4436c492894e114b0afe","/static/js/main.8dee7dde.js.LICENSE.txt":"cf8491024ec43f527b75d70601e881d12711b5b9460595b4634b8478cc64b48f","/static/media/empty-cart.2b1403df18362b6417c99158d0e02d71.svg":"7ab04da2f0c89ba60442d64585a3114d69558b8c28e77644c8198a487372227d","/static/media/empty-calendar.663d4237163cb335fd967a825896e57e.svg":"9957d368a942d3fcdd3695a1d0d4053f7196d729f58198fb4af72d7541f3618c","/static/media/logo.c6108122de1af6e71201e8900e2a4089.svg":"876a7dc68a1b901e74c5a801512f61c390b33218f53666bca77cb2c1627193ae","/static/media/notification.3657084dc0419605a91c.eot":"dfb8bd6f52f7290b30dde0d34cba3a2ab47b4aa51628a7d3b05052124f4a7836","/static/media/notification.5d0158671dd860c714c4.svg":"0eea5b32ecca1b89ca9749c717e505cc67ab892afea946516929a25f48ae2193","/static/media/notification.c392cd33d9d9de730f9d.woff":"26646e55f8382aee6acf8d22ccfd8638f9e1f299ddcd352abe352d61086c6c9f","/static/media/notification.c5d9251ea82e42f75381.ttf":"f4bcfdbda8a9f44fc64d7a42e2d3bcb2dec1dcaaa48776bbd3a4d6a89f16657c","/static/media/profile.8202a4ef12fa701d8b57.jpg":"9d9eef6dc011f61205a268d3291c674af7c2c3f199d791b67f645db00181e46e","/static/js/main.8dee7dde.js":"1ac5a34a93b8fb120ba5649a5ba239806466e40439ab80efee68a3d5d516bf92","/static/css/main.8c44656e.css.map":"6d884e2022b1ced8de0e53ca9d8c558edd324bc79bdd6bf38a3ab1f7aaeef3cd","/static/media/louis-hansel.d8410bd3ec6c21aea790.jpg":"bcd50b96a287d9611b94dfef6296ea6268b4f2e5db29bc8ab103f91fec3615a3","/static/media/calendar.99a4a940a52bd4024c97.jpg":"112685fd8ff142c8b64631380a06269bf6d751e4d4b25616c8c6ad40be52e662","/static/media/shopping-list.36f1f1040474f7e6db4e.jpg":"6dc60ca71ae112933a6d49872abbb4a10a816d2502f867a4344700a1f60ae3ef","/static/css/main.8c44656e.css":"59b22c4b0f966869789e34fdfac8159ff8f1539bbcd6de9aa2abdd73ee4cd6b3","/static/js/main.8dee7dde.js.map":"7795191e5f470d08e498886de294e6d2399fa41b98141ac3dcd7810405508114"}}
[debug] [2022-01-11T11:17:21.319Z] <<< [apiv2][status] POST https://firebasehosting.googleapis.com/v1beta1/sites/cookbook-53824/versions/ae0cd1b65c5f8f1b:populateFiles 200
[debug] [2022-01-11T11:17:21.319Z] <<< [apiv2][body] POST https://firebasehosting.googleapis.com/v1beta1/sites/cookbook-53824/versions/ae0cd1b65c5f8f1b:populateFiles {"uploadRequiredHashes":["7ae20e431d18e6979d856a2bbf5cfd5e959ce575443466294875b3026b3569fc","0d9b341bf8efea54fc33f57f0453c45aa6a9f7ca499d17e72f4914c882192590","183ba027412f3721110911a0c843c2edbee4a2f09efd08d88e914bab6190d1d7","cf2f31f2958aa747a3856c606baad80b19a837dca73e61a9deb70ed42ff9d277"],"uploadUrl":"https://upload-firebasehosting.googleapis.com/upload/sites/cookbook-53824/versions/ae0cd1b65c5f8f1b/files"}
[debug] [2022-01-11T11:17:21.320Z] >>> [apiv2][query] POST https://upload-firebasehosting.googleapis.com/upload/sites/cookbook-53824/versions/ae0cd1b65c5f8f1b/files/7ae20e431d18e6979d856a2bbf5cfd5e959ce575443466294875b3026b3569fc [none]
[debug] [2022-01-11T11:17:21.320Z] >>> [apiv2][body] POST https://upload-firebasehosting.googleapis.com/upload/sites/cookbook-53824/versions/ae0cd1b65c5f8f1b/files/7ae20e431d18e6979d856a2bbf5cfd5e959ce575443466294875b3026b3569fc [stream]
[debug] [2022-01-11T11:17:21.321Z] >>> [apiv2][query] POST https://upload-firebasehosting.googleapis.com/upload/sites/cookbook-53824/versions/ae0cd1b65c5f8f1b/files/0d9b341bf8efea54fc33f57f0453c45aa6a9f7ca499d17e72f4914c882192590 [none]
[debug] [2022-01-11T11:17:21.321Z] >>> [apiv2][body] POST https://upload-firebasehosting.googleapis.com/upload/sites/cookbook-53824/versions/ae0cd1b65c5f8f1b/files/0d9b341bf8efea54fc33f57f0453c45aa6a9f7ca499d17e72f4914c882192590 [stream]
[debug] [2022-01-11T11:17:21.322Z] >>> [apiv2][query] POST https://upload-firebasehosting.googleapis.com/upload/sites/cookbook-53824/versions/ae0cd1b65c5f8f1b/files/183ba027412f3721110911a0c843c2edbee4a2f09efd08d88e914bab6190d1d7 [none]
[debug] [2022-01-11T11:17:21.322Z] >>> [apiv2][body] POST https://upload-firebasehosting.googleapis.com/upload/sites/cookbook-53824/versions/ae0cd1b65c5f8f1b/files/183ba027412f3721110911a0c843c2edbee4a2f09efd08d88e914bab6190d1d7 [stream]
[debug] [2022-01-11T11:17:21.323Z] >>> [apiv2][query] POST https://upload-firebasehosting.googleapis.com/upload/sites/cookbook-53824/versions/ae0cd1b65c5f8f1b/files/cf2f31f2958aa747a3856c606baad80b19a837dca73e61a9deb70ed42ff9d277 [none]
[debug] [2022-01-11T11:17:21.323Z] >>> [apiv2][body] POST https://upload-firebasehosting.googleapis.com/upload/sites/cookbook-53824/versions/ae0cd1b65c5f8f1b/files/cf2f31f2958aa747a3856c606baad80b19a837dca73e61a9deb70ed42ff9d277 [stream]
[debug] [2022-01-11T11:17:21.324Z] [hosting][populate queue][FINAL] {"max":1321,"min":1321,"avg":1321,"active":0,"complete":1,"success":1,"errored":0,"retried":0,"total":1,"elapsed":1325}
[debug] [2022-01-11T11:17:21.324Z] [hosting] uploads queued: 4
[debug] [2022-01-11T11:17:22.938Z] <<< [apiv2][status] POST https://upload-firebasehosting.googleapis.com/upload/sites/cookbook-53824/versions/ae0cd1b65c5f8f1b/files/0d9b341bf8efea54fc33f57f0453c45aa6a9f7ca499d17e72f4914c882192590 200
[debug] [2022-01-11T11:17:22.938Z] <<< [apiv2][body] POST https://upload-firebasehosting.googleapis.com/upload/sites/cookbook-53824/versions/ae0cd1b65c5f8f1b/files/0d9b341bf8efea54fc33f57f0453c45aa6a9f7ca499d17e72f4914c882192590 [stream]
[debug] [2022-01-11T11:17:23.128Z] <<< [apiv2][status] POST https://upload-firebasehosting.googleapis.com/upload/sites/cookbook-53824/versions/ae0cd1b65c5f8f1b/files/183ba027412f3721110911a0c843c2edbee4a2f09efd08d88e914bab6190d1d7 200
[debug] [2022-01-11T11:17:23.128Z] <<< [apiv2][body] POST https://upload-firebasehosting.googleapis.com/upload/sites/cookbook-53824/versions/ae0cd1b65c5f8f1b/files/183ba027412f3721110911a0c843c2edbee4a2f09efd08d88e914bab6190d1d7 [stream]
[debug] [2022-01-11T11:17:23.263Z] <<< [apiv2][status] POST https://upload-firebasehosting.googleapis.com/upload/sites/cookbook-53824/versions/ae0cd1b65c5f8f1b/files/cf2f31f2958aa747a3856c606baad80b19a837dca73e61a9deb70ed42ff9d277 200
[debug] [2022-01-11T11:17:23.263Z] <<< [apiv2][body] POST https://upload-firebasehosting.googleapis.com/upload/sites/cookbook-53824/versions/ae0cd1b65c5f8f1b/files/cf2f31f2958aa747a3856c606baad80b19a837dca73e61a9deb70ed42ff9d277 [stream]
[debug] [2022-01-11T11:17:23.293Z] <<< [apiv2][status] POST https://upload-firebasehosting.googleapis.com/upload/sites/cookbook-53824/versions/ae0cd1b65c5f8f1b/files/7ae20e431d18e6979d856a2bbf5cfd5e959ce575443466294875b3026b3569fc 200
[debug] [2022-01-11T11:17:23.293Z] <<< [apiv2][body] POST https://upload-firebasehosting.googleapis.com/upload/sites/cookbook-53824/versions/ae0cd1b65c5f8f1b/files/7ae20e431d18e6979d856a2bbf5cfd5e959ce575443466294875b3026b3569fc [stream]
[debug] [2022-01-11T11:17:23.293Z] [hosting][upload queue][FINAL] {"max":1974,"min":1618,"avg":1835.75,"active":0,"complete":4,"success":4,"errored":0,"retried":0,"total":4,"elapsed":1974}
[info] ✔  hosting[cookbook-53824]: file upload complete 
[debug] [2022-01-11T11:17:23.293Z] [hosting] deploy completed after 3733ms
[debug] [2022-01-11T11:17:23.295Z] [
  {
    "config": {
      "public": "build",
      "ignore": [
        "firebase.json",
        "**/.*",
        "**/node_modules/**"
      ],
      "rewrites": [
        {
          "source": "**",
          "destination": "/index.html"
        }
      ],
      "site": "cookbook-53824"
    },
    "site": "cookbook-53824",
    "version": "sites/cookbook-53824/versions/ae0cd1b65c5f8f1b"
  }
]
[info] i  hosting[cookbook-53824]: finalizing version... 
[debug] [2022-01-11T11:17:23.296Z] > refreshing access token with scopes: ["email","https://www.googleapis.com/auth/cloud-platform","https://www.googleapis.com/auth/cloudplatformprojects.readonly","https://www.googleapis.com/auth/firebase","openid"]
[debug] [2022-01-11T11:17:23.296Z] >>> HTTP REQUEST POST https://www.googleapis.com/oauth2/v3/token  
 <request body omitted>
[debug] [2022-01-11T11:17:23.434Z] <<< HTTP RESPONSE 200 {"expires":"Mon, 01 Jan 1990 00:00:00 GMT","cache-control":"no-cache, no-store, max-age=0, must-revalidate","date":"Tue, 11 Jan 2022 11:17:23 GMT","pragma":"no-cache","content-type":"application/json; charset=utf-8","vary":"X-Origin, Referer, Origin,Accept-Encoding","server":"scaffolding on HTTPServer2","x-xss-protection":"0","x-frame-options":"SAMEORIGIN","x-content-type-options":"nosniff","alt-svc":"h3=\":443\"; ma=2592000,h3-29=\":443\"; ma=2592000,h3-Q050=\":443\"; ma=2592000,h3-Q046=\":443\"; ma=2592000,h3-Q043=\":443\"; ma=2592000,quic=\":443\"; ma=2592000; v=\"46,43\"","accept-ranges":"none","transfer-encoding":"chunked"}
[debug] [2022-01-11T11:17:23.500Z] >>> HTTP REQUEST PATCH https://firebasehosting.googleapis.com/v1beta1/sites/cookbook-53824/versions/ae0cd1b65c5f8f1b?updateMask=status  
 {"status":"FINALIZED"}
[debug] [2022-01-11T11:17:24.493Z] <<< HTTP RESPONSE 200 {"content-type":"application/json; charset=UTF-8","vary":"X-Origin, Referer, Origin,Accept-Encoding","date":"Tue, 11 Jan 2022 11:17:24 GMT","server":"ESF","cache-control":"private","x-xss-protection":"0","x-frame-options":"SAMEORIGIN","x-content-type-options":"nosniff","alt-svc":"h3=\":443\"; ma=2592000,h3-29=\":443\"; ma=2592000,h3-Q050=\":443\"; ma=2592000,h3-Q046=\":443\"; ma=2592000,h3-Q043=\":443\"; ma=2592000,quic=\":443\"; ma=2592000; v=\"46,43\"","accept-ranges":"none","transfer-encoding":"chunked"}
[debug] [2022-01-11T11:17:24.493Z] [hosting] finalized version for cookbook-53824: {"name":"sites/cookbook-53824/versions/ae0cd1b65c5f8f1b","status":"FINALIZED","config":{"rewrites":[{"glob":"**","path":"/index.html"}]},"labels":{"deployment-tool":"cli-firebase"},"createTime":"2022-01-11T11:17:19.076791Z","createUser":{"email":"katbwlodarczyk@gmail.com"},"finalizeTime":"2022-01-11T11:17:24.518837Z","finalizeUser":{"email":"katbwlodarczyk@gmail.com"}}
[info] ✔  hosting[cookbook-53824]: version finalized 
[info] i  hosting[cookbook-53824]: releasing new version... 
[debug] [2022-01-11T11:17:24.494Z] >>> HTTP REQUEST POST https://firebasehosting.googleapis.com/v1beta1/sites/cookbook-53824/releases?version_name=sites/cookbook-53824/versions/ae0cd1b65c5f8f1b  
 {"message":null}
